#
# There is insufficient memory for the Java Runtime Environment to continue.
# Native memory allocation (malloc) failed to allocate 1246176 bytes for Chunk::new
# Possible reasons:
#   The system is out of physical RAM or swap space
#   The process is running with CompressedOops enabled, and the Java Heap may be blocking the growth of the native heap
# Possible solutions:
#   Reduce memory load on the system
#   Increase physical memory or swap space
#   Check if swap backing store is full
#   Decrease Java heap size (-Xmx/-Xms)
#   Decrease number of Java threads
#   Decrease Java thread stack sizes (-Xss)
#   Set larger code cache with -XX:ReservedCodeCacheSize=
#   JVM is running with Unscaled Compressed Oops mode in which the Java heap is
#     placed in the first 4GB address space. The Java Heap base address is the
#     maximum limit for the native heap growth. Please use -XX:HeapBaseMinAddress
#     to set the Java Heap base and to place the Java Heap above 4GB virtual address.
# This output file may be truncated or incomplete.
#
#  Out of Memory Error (allocation.cpp:389), pid=7808, tid=0x0000000000004874
#
# JRE version: OpenJDK Runtime Environment (8.0_242-b01) (build 1.8.0_242-release-1644-b01)
# Java VM: OpenJDK 64-Bit Server VM (25.242-b01 mixed mode windows-amd64 compressed oops)
# Failed to write core dump. Minidumps are not enabled by default on client versions of Windows
#

---------------  T H R E A D  ---------------

Current thread (0x0000000017e2e000):  JavaThread "C2 CompilerThread2" daemon [_thread_in_native, id=18548, stack(0x000000001a710000,0x000000001a810000)]

Stack: [0x000000001a710000,0x000000001a810000]
[error occurred during error reporting (printing stack bounds), id 0xc0000005]

Native frames: (J=compiled Java code, j=interpreted, Vv=VM code, C=native code)


Current CompileTask:
C2:  52789 12155       4       com.android.tools.r8.z.a.a.f::a (3630 bytes)


---------------  P R O C E S S  ---------------

Java Threads: ( => current thread )
  0x0000000026b75000 JavaThread "stdout" [_thread_in_native, id=19492, stack(0x0000000031ac0000,0x0000000031bc0000)]
  0x0000000026b74000 JavaThread "stderr" [_thread_in_native, id=15636, stack(0x00000000319c0000,0x0000000031ac0000)]
  0x0000000026b72800 JavaThread "stdout" [_thread_in_native, id=3836, stack(0x00000000318c0000,0x00000000319c0000)]
  0x0000000026b6c800 JavaThread "stderr" [_thread_in_native, id=14796, stack(0x00000000317c0000,0x00000000318c0000)]
  0x0000000026b72000 JavaThread "stdout" [_thread_in_native, id=16656, stack(0x00000000316c0000,0x00000000317c0000)]
  0x0000000026b73800 JavaThread "stderr" [_thread_in_native, id=12176, stack(0x00000000315c0000,0x00000000316c0000)]
  0x0000000026b6a800 JavaThread "stdout" [_thread_in_native, id=18060, stack(0x00000000312f0000,0x00000000313f0000)]
  0x0000000026b71000 JavaThread "stderr" [_thread_in_native, id=18148, stack(0x00000000301e0000,0x00000000302e0000)]
  0x0000000026b70800 JavaThread "stdout" [_thread_in_native, id=5036, stack(0x00000000314c0000,0x00000000315c0000)]
  0x0000000026b69000 JavaThread "stderr" [_thread_in_native, id=19008, stack(0x0000000030a30000,0x0000000030b30000)]
  0x0000000026b6f800 JavaThread "stdout" [_thread_in_native, id=10232, stack(0x00000000311f0000,0x00000000312f0000)]
  0x0000000026b68000 JavaThread "stderr" [_thread_in_native, id=19788, stack(0x00000000310f0000,0x00000000311f0000)]
  0x0000000026b69800 JavaThread "stdout" [_thread_in_native, id=12056, stack(0x0000000030ff0000,0x00000000310f0000)]
  0x0000000026b6d800 JavaThread "stderr" [_thread_in_native, id=16200, stack(0x0000000030cd0000,0x0000000030dd0000)]
  0x0000000026b6c000 JavaThread "stdout" [_thread_in_native, id=10144, stack(0x0000000030ef0000,0x0000000030ff0000)]
  0x0000000026b6b000 JavaThread "stderr" [_thread_in_native, id=3548, stack(0x0000000030df0000,0x0000000030ef0000)]
  0x0000000026b6f000 JavaThread "WorkerExecutor Queue Thread 8" [_thread_blocked, id=12208, stack(0x0000000030bd0000,0x0000000030cd0000)]
  0x0000000026b67800 JavaThread "WorkerExecutor Queue Thread 7" [_thread_in_Java, id=13868, stack(0x0000000030930000,0x0000000030a30000)]
  0x0000000026b6e000 JavaThread "WorkerExecutor Queue Thread 6" [_thread_blocked, id=4644, stack(0x0000000030830000,0x0000000030930000)]
  0x00000000219be800 JavaThread "WorkerExecutor Queue Thread 5" [_thread_blocked, id=11496, stack(0x0000000030730000,0x0000000030830000)]
  0x00000000219bf000 JavaThread "pool-4-thread-1" [_thread_blocked, id=11092, stack(0x0000000030630000,0x0000000030730000)]
  0x00000000219bd800 JavaThread "WorkerExecutor Queue Thread 4" [_thread_blocked, id=13136, stack(0x0000000030530000,0x0000000030630000)]
  0x00000000219bd000 JavaThread "WorkerExecutor Queue Thread 3" [_thread_blocked, id=12528, stack(0x0000000030430000,0x0000000030530000)]
  0x00000000219bc000 JavaThread "WorkerExecutor Queue Thread 2" [_thread_blocked, id=2420, stack(0x0000000030330000,0x0000000030430000)]
  0x00000000219bb800 JavaThread "WorkerExecutor Queue" [_thread_blocked, id=11808, stack(0x00000000300e0000,0x00000000301e0000)]
  0x00000000219ba000 JavaThread "Cache worker for execution history cache (D:\Users\stapade\Desktop\coding in flow\Room_ViewModel_LiveData_RecyclerViewMVVM\.gradle\6.5\executionHistory)" [_thread_blocked, id=20168, stack(0x000000002fde0000,0x000000002fee0000)]
  0x00000000219b2800 JavaThread "Execution worker for ':' Thread 7" [_thread_blocked, id=7736, stack(0x000000002fce0000,0x000000002fde0000)]
  0x00000000219b9000 JavaThread "Execution worker for ':' Thread 6" [_thread_blocked, id=20232, stack(0x000000002fbe0000,0x000000002fce0000)]
  0x00000000219b1800 JavaThread "Execution worker for ':' Thread 5" [_thread_blocked, id=18952, stack(0x000000002fae0000,0x000000002fbe0000)]
  0x00000000219b8800 JavaThread "Execution worker for ':' Thread 4" [_thread_blocked, id=15188, stack(0x000000002f9e0000,0x000000002fae0000)]
  0x00000000219b4800 JavaThread "Execution worker for ':' Thread 3" [_thread_blocked, id=16088, stack(0x000000002f8e0000,0x000000002f9e0000)]
  0x00000000219b1000 JavaThread "Execution worker for ':' Thread 2" [_thread_blocked, id=4300, stack(0x000000002f7e0000,0x000000002f8e0000)]
  0x00000000219b5800 JavaThread "Execution worker for ':'" [_thread_blocked, id=16644, stack(0x000000002f5b0000,0x000000002f6b0000)]
  0x00000000219b7000 JavaThread "Cache worker for file content cache (D:\Users\stapade\Desktop\coding in flow\Room_ViewModel_LiveData_RecyclerViewMVVM\.gradle\6.5\fileContent)" [_thread_blocked, id=4556, stack(0x000000002f6e0000,0x000000002f7e0000)]
  0x00000000219b7800 JavaThread "pool-3-thread-1" [_thread_blocked, id=4384, stack(0x000000002d200000,0x000000002d300000)]
  0x00000000219b4000 JavaThread "Cache worker for Build Output Cleanup Cache (D:\Users\stapade\Desktop\coding in flow\Room_ViewModel_LiveData_RecyclerViewMVVM\.gradle\buildOutputCleanup)" [_thread_blocked, id=13648, stack(0x000000002c490000,0x000000002c590000)]
  0x00000000219b0000 JavaThread "Build operations Thread 8" [_thread_in_Java, id=4792, stack(0x0000000027710000,0x0000000027810000)]
  0x000000001aee9000 JavaThread "Build operations Thread 7" [_thread_in_Java, id=17744, stack(0x0000000027210000,0x0000000027310000)]
  0x000000001b866000 JavaThread "Build operations Thread 6" [_thread_in_Java, id=17200, stack(0x0000000027110000,0x0000000027210000)]
  0x000000001b869000 JavaThread "Build operations Thread 5" [_thread_blocked, id=19104, stack(0x0000000025db0000,0x0000000025eb0000)]
  0x000000001b864800 JavaThread "Build operations Thread 4" [_thread_blocked, id=5940, stack(0x0000000025cb0000,0x0000000025db0000)]
  0x000000001d0fb000 JavaThread "Build operations Thread 3" [_thread_blocked, id=17880, stack(0x0000000025bb0000,0x0000000025cb0000)]
  0x000000001d102000 JavaThread "Build operations Thread 2" [_thread_in_Java, id=17456, stack(0x0000000025ab0000,0x0000000025bb0000)]
  0x000000001d0fa000 JavaThread "Build operations" [_thread_in_vm, id=2640, stack(0x00000000259b0000,0x0000000025ab0000)]
  0x000000001d101000 JavaThread "Cache worker for cache directory md-rule (D:\Users\stapade\.gradle\caches\6.5\md-rule)" [_thread_blocked, id=448, stack(0x00000000258b0000,0x00000000259b0000)]
  0x000000001d100800 JavaThread "Cache worker for cache directory md-supplier (D:\Users\stapade\.gradle\caches\6.5\md-supplier)" [_thread_blocked, id=11780, stack(0x00000000241c0000,0x00000000242c0000)]
  0x000000001d0fc000 JavaThread "Cache worker for checksums cache (D:\Users\stapade\Desktop\coding in flow\Room_ViewModel_LiveData_RecyclerViewMVVM\.gradle\checksums)" [_thread_blocked, id=17076, stack(0x00000000238c0000,0x00000000239c0000)]
  0x000000001d0ff800 JavaThread "Cache worker for file hash cache (D:\Users\stapade\Desktop\coding in flow\Room_ViewModel_LiveData_RecyclerViewMVVM\.gradle\6.5\fileHashes)" [_thread_blocked, id=17908, stack(0x00000000237c0000,0x00000000238c0000)]
  0x000000001d0f9800 JavaThread "Thread-132" [_thread_blocked, id=16856, stack(0x00000000236c0000,0x00000000237c0000)]
  0x000000001d0fd800 JavaThread "Stdin handler" [_thread_blocked, id=15736, stack(0x0000000020b90000,0x0000000020c90000)]
  0x000000001b65c000 JavaThread "Asynchronous log dispatcher for DefaultDaemonConnection: socket connection from /127.0.0.1:50063 to /127.0.0.1:50070" [_thread_blocked, id=14756, stack(0x000000001e1f0000,0x000000001e2f0000)]
  0x000000001b660800 JavaThread "Cancel handler" [_thread_blocked, id=18036, stack(0x000000001dff0000,0x000000001e0f0000)]
  0x000000001b65d800 JavaThread "Handler for socket connection from /127.0.0.1:50063 to /127.0.0.1:50070" [_thread_in_native, id=12680, stack(0x000000001def0000,0x000000001dff0000)]
  0x000000001b661000 JavaThread "Memory manager" [_thread_blocked, id=19068, stack(0x000000002c160000,0x000000002c260000)]
  0x00000000205d5000 JavaThread "jar transforms Thread 92" [_thread_blocked, id=19392, stack(0x000000002c060000,0x000000002c160000)]
  0x00000000205d4000 JavaThread "jar transforms Thread 91" [_thread_blocked, id=19888, stack(0x000000002bf60000,0x000000002c060000)]
  0x00000000205d5800 JavaThread "jar transforms Thread 90" [_thread_blocked, id=7352, stack(0x000000002be60000,0x000000002bf60000)]
  0x00000000205d6800 JavaThread "jar transforms Thread 89" [_thread_blocked, id=5644, stack(0x000000002bd60000,0x000000002be60000)]
  0x00000000205d2000 JavaThread "jar transforms Thread 88" [_thread_blocked, id=18316, stack(0x000000002bc60000,0x000000002bd60000)]
  0x00000000205d1000 JavaThread "jar transforms Thread 87" [_thread_blocked, id=17188, stack(0x000000002bb60000,0x000000002bc60000)]
  0x00000000205d8000 JavaThread "jar transforms Thread 86" [_thread_blocked, id=12512, stack(0x000000002ba60000,0x000000002bb60000)]
  0x00000000205d3800 JavaThread "jar transforms Thread 85" [_thread_blocked, id=19660, stack(0x000000002b960000,0x000000002ba60000)]
  0x00000000205d2800 JavaThread "jar transforms Thread 84" [_thread_blocked, id=19496, stack(0x000000002b860000,0x000000002b960000)]
  0x00000000205d7000 JavaThread "jar transforms Thread 83" [_thread_blocked, id=3916, stack(0x000000002b760000,0x000000002b860000)]
  0x00000000205c9800 JavaThread "jar transforms Thread 82" [_thread_blocked, id=9528, stack(0x000000002b660000,0x000000002b760000)]
  0x00000000205cf000 JavaThread "jar transforms Thread 81" [_thread_blocked, id=20052, stack(0x000000002b560000,0x000000002b660000)]
  0x00000000205cc000 JavaThread "jar transforms Thread 80" [_thread_blocked, id=18140, stack(0x000000002b460000,0x000000002b560000)]
  0x00000000205d0800 JavaThread "jar transforms Thread 79" [_thread_blocked, id=12584, stack(0x000000002b360000,0x000000002b460000)]
  0x00000000205ca800 JavaThread "jar transforms Thread 78" [_thread_blocked, id=12604, stack(0x000000002b260000,0x000000002b360000)]
  0x00000000205cd800 JavaThread "jar transforms Thread 77" [_thread_blocked, id=18504, stack(0x000000002b160000,0x000000002b260000)]
  0x00000000205c9000 JavaThread "jar transforms Thread 76" [_thread_blocked, id=15176, stack(0x000000002b060000,0x000000002b160000)]
  0x00000000205cc800 JavaThread "jar transforms Thread 75" [_thread_blocked, id=11388, stack(0x000000002af60000,0x000000002b060000)]
  0x00000000205cf800 JavaThread "jar transforms Thread 74" [_thread_blocked, id=12380, stack(0x000000002ae60000,0x000000002af60000)]
  0x00000000205cb000 JavaThread "jar transforms Thread 73" [_thread_blocked, id=18468, stack(0x000000002ad60000,0x000000002ae60000)]
  0x00000000205ce000 JavaThread "jar transforms Thread 72" [_thread_blocked, id=4584, stack(0x000000002ac60000,0x000000002ad60000)]
  0x0000000021bc6800 JavaThread "jar transforms Thread 71" [_thread_blocked, id=1348, stack(0x000000002ab60000,0x000000002ac60000)]
  0x0000000021bc5000 JavaThread "jar transforms Thread 70" [_thread_blocked, id=6912, stack(0x000000002aa60000,0x000000002ab60000)]
  0x0000000021bc4000 JavaThread "jar transforms Thread 69" [_thread_blocked, id=9676, stack(0x000000002a960000,0x000000002aa60000)]
  0x0000000021bc5800 JavaThread "jar transforms Thread 68" [_thread_blocked, id=13900, stack(0x000000002a860000,0x000000002a960000)]
  0x0000000021bc8000 JavaThread "jar transforms Thread 67" [_thread_blocked, id=18624, stack(0x000000002a760000,0x000000002a860000)]
  0x0000000021bc7000 JavaThread "jar transforms Thread 66" [_thread_blocked, id=18772, stack(0x000000002a660000,0x000000002a760000)]
  0x0000000021bc3800 JavaThread "jar transforms Thread 65" [_thread_blocked, id=16448, stack(0x000000002a560000,0x000000002a660000)]
  0x0000000021bc2800 JavaThread "jar transforms Thread 64" [_thread_blocked, id=15220, stack(0x000000002a460000,0x000000002a560000)]
  0x0000000021bbb000 JavaThread "jar transforms Thread 63" [_thread_blocked, id=17752, stack(0x000000002a360000,0x000000002a460000)]
  0x0000000021bc2000 JavaThread "jar transforms Thread 62" [_thread_blocked, id=6744, stack(0x000000002a260000,0x000000002a360000)]
  0x0000000021bc1000 JavaThread "jar transforms Thread 61" [_thread_blocked, id=19932, stack(0x000000002a160000,0x000000002a260000)]
  0x0000000021bb9800 JavaThread "jar transforms Thread 60" [_thread_blocked, id=11592, stack(0x000000002a060000,0x000000002a160000)]
  0x0000000021bc0800 JavaThread "jar transforms Thread 59" [_thread_blocked, id=17008, stack(0x0000000029f60000,0x000000002a060000)]
  0x0000000021bb9000 JavaThread "jar transforms Thread 58" [_thread_blocked, id=7204, stack(0x0000000029e60000,0x0000000029f60000)]
  0x0000000021bbe000 JavaThread "jar transforms Thread 57" [_thread_blocked, id=5464, stack(0x0000000029d60000,0x0000000029e60000)]
  0x0000000021bbf800 JavaThread "jar transforms Thread 56" [_thread_blocked, id=11064, stack(0x0000000029c60000,0x0000000029d60000)]
  0x0000000021bbf000 JavaThread "jar transforms Thread 55" [_thread_blocked, id=16472, stack(0x0000000029b60000,0x0000000029c60000)]
  0x0000000021bbc000 JavaThread "jar transforms Thread 54" [_thread_blocked, id=15420, stack(0x0000000029a60000,0x0000000029b60000)]
  0x0000000021bbc800 JavaThread "jar transforms Thread 53" [_thread_blocked, id=18724, stack(0x0000000029960000,0x0000000029a60000)]
  0x0000000021bbd800 JavaThread "jar transforms Thread 52" [_thread_blocked, id=18632, stack(0x0000000029860000,0x0000000029960000)]
  0x0000000021bba800 JavaThread "jar transforms Thread 51" [_thread_blocked, id=12356, stack(0x0000000029760000,0x0000000029860000)]
  0x0000000021ad3000 JavaThread "jar transforms Thread 50" [_thread_blocked, id=15484, stack(0x0000000029660000,0x0000000029760000)]
  0x0000000021ad4000 JavaThread "jar transforms Thread 49" [_thread_blocked, id=16568, stack(0x0000000029560000,0x0000000029660000)]
  0x0000000021ad5800 JavaThread "jar transforms Thread 48" [_thread_blocked, id=16368, stack(0x0000000029460000,0x0000000029560000)]
  0x0000000021ad1800 JavaThread "jar transforms Thread 47" [_thread_blocked, id=9836, stack(0x0000000029360000,0x0000000029460000)]
  0x0000000021ad2800 JavaThread "jar transforms Thread 46" [_thread_blocked, id=17592, stack(0x0000000029260000,0x0000000029360000)]
  0x0000000021ad4800 JavaThread "jar transforms Thread 45" [_thread_blocked, id=17964, stack(0x0000000029160000,0x0000000029260000)]
  0x0000000021aca000 JavaThread "jar transforms Thread 44" [_thread_blocked, id=16792, stack(0x0000000029060000,0x0000000029160000)]
  0x0000000021ad1000 JavaThread "jar transforms Thread 43" [_thread_blocked, id=18080, stack(0x0000000028f60000,0x0000000029060000)]
  0x0000000021ac9800 JavaThread "jar transforms Thread 42" [_thread_blocked, id=16280, stack(0x0000000028e60000,0x0000000028f60000)]
  0x0000000021acf800 JavaThread "jar transforms Thread 41" [_thread_blocked, id=20348, stack(0x0000000028c60000,0x0000000028d60000)]
  0x0000000021ace800 JavaThread "jar transforms Thread 40" [_thread_blocked, id=12612, stack(0x0000000028b60000,0x0000000028c60000)]
  0x0000000021ace000 JavaThread "jar transforms Thread 39" [_thread_blocked, id=7892, stack(0x0000000028a60000,0x0000000028b60000)]
  0x0000000021ad0000 JavaThread "jar transforms Thread 38" [_thread_blocked, id=12496, stack(0x0000000028960000,0x0000000028a60000)]
  0x0000000021acc800 JavaThread "jar transforms Thread 37" [_thread_blocked, id=3292, stack(0x0000000028860000,0x0000000028960000)]
  0x0000000021ac6800 JavaThread "jar transforms Thread 36" [_thread_blocked, id=14104, stack(0x0000000028760000,0x0000000028860000)]
  0x0000000021acb800 JavaThread "jar transforms Thread 35" [_thread_blocked, id=6188, stack(0x0000000028660000,0x0000000028760000)]
  0x0000000021acb000 JavaThread "jar transforms Thread 34" [_thread_blocked, id=12460, stack(0x0000000028560000,0x0000000028660000)]
  0x0000000021acd000 JavaThread "jar transforms Thread 33" [_thread_blocked, id=16668, stack(0x0000000028460000,0x0000000028560000)]
  0x0000000021ac8000 JavaThread "jar transforms Thread 32" [_thread_blocked, id=13332, stack(0x0000000028360000,0x0000000028460000)]
  0x0000000021ac8800 JavaThread "jar transforms Thread 31" [_thread_blocked, id=17780, stack(0x0000000028260000,0x0000000028360000)]
  0x0000000021ac7000 JavaThread "jar transforms Thread 30" [_thread_blocked, id=3216, stack(0x0000000028160000,0x0000000028260000)]
  0x000000001d104000 JavaThread "jar transforms Thread 29" [_thread_blocked, id=18748, stack(0x0000000028060000,0x0000000028160000)]
  0x000000001d103800 JavaThread "jar transforms Thread 28" [_thread_blocked, id=12348, stack(0x0000000027f60000,0x0000000028060000)]
  0x000000001d108800 JavaThread "jar transforms Thread 27" [_thread_blocked, id=6004, stack(0x0000000027e60000,0x0000000027f60000)]
  0x000000001d108000 JavaThread "jar transforms Thread 26" [_thread_blocked, id=4764, stack(0x0000000027d60000,0x0000000027e60000)]
  0x000000001d102800 JavaThread "jar transforms Thread 25" [_thread_blocked, id=5788, stack(0x0000000027c60000,0x0000000027d60000)]
  0x000000001d107000 JavaThread "jar transforms Thread 24" [_thread_blocked, id=3228, stack(0x0000000027b60000,0x0000000027c60000)]
  0x000000001d106800 JavaThread "jar transforms Thread 23" [_thread_blocked, id=9584, stack(0x0000000027a60000,0x0000000027b60000)]
  0x000000001d105800 JavaThread "jar transforms Thread 22" [_thread_blocked, id=5272, stack(0x0000000027960000,0x0000000027a60000)]
  0x000000001d105000 JavaThread "jar transforms Thread 21" [_thread_blocked, id=19844, stack(0x0000000027860000,0x0000000027960000)]
  0x000000001b865800 JavaThread "Cache worker for file content cache (D:\Users\stapade\.gradle\caches\6.5\fileContent)" [_thread_blocked, id=18564, stack(0x00000000240c0000,0x00000000241c0000)]
  0x000000001b867800 JavaThread "Cache worker for execution history cache (D:\Users\stapade\.gradle\caches\6.5\executionHistory)" [_thread_blocked, id=16060, stack(0x0000000023bc0000,0x0000000023cc0000)]
  0x000000001b868800 JavaThread "jar transforms Thread 20" [_thread_blocked, id=9640, stack(0x00000000233c0000,0x00000000234c0000)]
  0x000000001b85d000 JavaThread "jar transforms Thread 19" [_thread_blocked, id=19680, stack(0x00000000232c0000,0x00000000233c0000)]
  0x000000001b85e000 JavaThread "jar transforms Thread 18" [_thread_blocked, id=10448, stack(0x00000000231c0000,0x00000000232c0000)]
  0x000000001b864000 JavaThread "jar transforms Thread 17" [_thread_blocked, id=6220, stack(0x00000000230c0000,0x00000000231c0000)]
  0x000000001b861000 JavaThread "jar transforms Thread 16" [_thread_blocked, id=16196, stack(0x0000000022fc0000,0x00000000230c0000)]
  0x000000001b85c800 JavaThread "jar transforms Thread 15" [_thread_blocked, id=10684, stack(0x0000000022ec0000,0x0000000022fc0000)]
  0x000000001b863000 JavaThread "jar transforms Thread 14" [_thread_blocked, id=1708, stack(0x0000000022cc0000,0x0000000022dc0000)]
  0x000000001b85f800 JavaThread "jar transforms Thread 13" [_thread_blocked, id=12280, stack(0x0000000022bc0000,0x0000000022cc0000)]
  0x000000001b862800 JavaThread "jar transforms Thread 12" [_thread_blocked, id=17280, stack(0x0000000022ac0000,0x0000000022bc0000)]
  0x000000001b861800 JavaThread "jar transforms Thread 11" [_thread_blocked, id=16456, stack(0x00000000229c0000,0x0000000022ac0000)]
  0x000000001b85b800 JavaThread "jar transforms Thread 10" [_thread_blocked, id=17476, stack(0x00000000228c0000,0x00000000229c0000)]
  0x000000001b85e800 JavaThread "jar transforms Thread 9" [_thread_blocked, id=9464, stack(0x00000000227c0000,0x00000000228c0000)]
  0x000000001b860000 JavaThread "jar transforms Thread 8" [_thread_blocked, id=18836, stack(0x00000000226c0000,0x00000000227c0000)]
  0x000000001aee2800 JavaThread "jar transforms Thread 7" [_thread_blocked, id=17308, stack(0x00000000225c0000,0x00000000226c0000)]
  0x000000001aee3000 JavaThread "jar transforms Thread 6" [_thread_blocked, id=17376, stack(0x00000000221e0000,0x00000000222e0000)]
  0x000000001aee7000 JavaThread "jar transforms Thread 5" [_thread_blocked, id=15404, stack(0x0000000020e90000,0x0000000020f90000)]
  0x000000001aee5800 JavaThread "jar transforms Thread 4" [_thread_blocked, id=16460, stack(0x0000000020d90000,0x0000000020e90000)]
  0x000000001aee7800 JavaThread "jar transforms Thread 3" [_thread_blocked, id=19356, stack(0x0000000020c90000,0x0000000020d90000)]
  0x000000001aee8800 JavaThread "jar transforms Thread 2" [_thread_blocked, id=9764, stack(0x00000000224c0000,0x00000000225c0000)]
  0x000000001aee6000 JavaThread "jar transforms" [_thread_blocked, id=5384, stack(0x00000000223c0000,0x00000000224c0000)]
  0x000000001aee4800 JavaThread "Cache worker for file hash cache (D:\Users\stapade\.gradle\caches\6.5\fileHashes)" [_thread_blocked, id=16312, stack(0x000000001e8f0000,0x000000001e9f0000)]
  0x000000001aee4000 JavaThread "File lock request listener" [_thread_in_native, id=3752, stack(0x000000001e7f0000,0x000000001e8f0000)]
  0x000000001abe0000 JavaThread "Cache worker for journal cache (D:\Users\stapade\.gradle\caches\journal-1)" [_thread_blocked, id=17556, stack(0x000000001e6f0000,0x000000001e7f0000)]
  0x000000001c6bc800 JavaThread "Daemon worker" [_thread_blocked, id=20148, stack(0x000000001e0f0000,0x000000001e1f0000)]
  0x000000001c759000 JavaThread "Daemon" [_thread_blocked, id=17888, stack(0x000000001dcf0000,0x000000001ddf0000)]
  0x000000001c756800 JavaThread "Daemon periodic checks" [_thread_blocked, id=2496, stack(0x000000001d9f0000,0x000000001daf0000)]
  0x000000001c683800 JavaThread "Incoming local TCP Connector on port 50063" [_thread_in_native, id=6472, stack(0x000000001d7b0000,0x000000001d8b0000)]
  0x000000001c5b4000 JavaThread "Daemon health stats" [_thread_blocked, id=12060, stack(0x000000001d4b0000,0x000000001d5b0000)]
  0x0000000019cd7000 JavaThread "Service Thread" daemon [_thread_blocked, id=17940, stack(0x000000001a910000,0x000000001aa10000)]
  0x0000000019c51000 JavaThread "C1 CompilerThread3" daemon [_thread_in_vm, id=5928, stack(0x000000001a810000,0x000000001a910000)]
=>0x0000000017e2e000 JavaThread "C2 CompilerThread2" daemon [_thread_in_native, id=18548, stack(0x000000001a710000,0x000000001a810000)]
  0x0000000017e2a800 JavaThread "C2 CompilerThread1" daemon [_thread_in_native, id=5748, stack(0x000000001a610000,0x000000001a710000)]
  0x0000000019c43800 JavaThread "C2 CompilerThread0" daemon [_thread_in_native, id=3908, stack(0x000000001a510000,0x000000001a610000)]
  0x0000000019c43000 JavaThread "Attach Listener" daemon [_thread_blocked, id=9336, stack(0x000000001a410000,0x000000001a510000)]
  0x0000000019c45800 JavaThread "Signal Dispatcher" daemon [_thread_blocked, id=4028, stack(0x000000001a310000,0x000000001a410000)]
  0x0000000002d2e000 JavaThread "Finalizer" daemon [_thread_blocked, id=14024, stack(0x000000001a110000,0x000000001a210000)]
  0x0000000002d27000 JavaThread "Reference Handler" daemon [_thread_blocked, id=3412, stack(0x000000001a010000,0x000000001a110000)]
  0x0000000002dae000 JavaThread "main" [_thread_blocked, id=6196, stack(0x0000000002af0000,0x0000000002bf0000)]

Other Threads:
  0x0000000017e16000 VMThread [stack: 0x0000000019b10000,0x0000000019c10000] [id=17020]
  0x0000000019cd8000 WatcherThread [stack: 0x000000001aa10000,0x000000001ab10000] [id=17616]

VM state:not at safepoint (normal execution)

VM Mutex/Monitor currently owned by a thread:  ([mutex/lock_event])
[0x0000000002dad190] JNIGlobalHandle_lock - owner thread: 0x0000000000000000

heap address: 0x0000000080000000, size: 2048 MB, Compressed Oops mode: 32-bit
Narrow klass base: 0x0000000000000000, Narrow klass shift: 3
Compressed class space size: 1073741824 Address: 0x0000000100000000

Heap:
 PSYoungGen      total 266752K, used 58755K [0x00000000d5580000, 0x00000000ebb00000, 0x0000000100000000)
  eden space 235520K, 11% used [0x00000000d5580000,0x00000000d7067b20,0x00000000e3b80000)
  from space 31232K, 99% used [0x00000000e6b80000,0x00000000e89f91a0,0x00000000e8a00000)
  to   space 49152K, 0% used [0x00000000e3b80000,0x00000000e3b80000,0x00000000e6b80000)
 ParOldGen       total 217600K, used 78992K [0x0000000080000000, 0x000000008d480000, 0x00000000d5580000)
  object space 217600K, 36% used [0x0000000080000000,0x0000000084d24180,0x000000008d480000)
 Metaspace       used 90126K, capacity 95490K, committed 95832K, reserved 1132544K
  class space    used 12287K, capacity 13328K, committed 13440K, reserved 1048576K

Card table byte_map: [0x0000000012170000,0x0000000012580000] byte_map_base: 0x0000000011d70000

Marking Bits: (ParMarkBitMap*) 0x000000006100f030
 Begin Bits: [0x0000000013030000, 0x0000000015030000)
 End Bits:   [0x0000000015030000, 0x0000000017030000)

Polling page: 0x0000000000cd0000

CodeCache: size=245760Kb used=34402Kb max_used=35419Kb free=211357Kb
 bounds [0x0000000002db0000, 0x0000000005070000, 0x0000000011db0000]
 total_blobs=11483 nmethods=10649 adapters=746
 compilation: enabled

Compilation events (10 events):
Event: 52.775 Thread 0x0000000017e2a800 nmethod 12470 0x0000000004a1ec10 code [0x0000000004a1ed60, 0x0000000004a1ee38]
Event: 52.775 Thread 0x0000000017e2a800 12484       4       com.android.build.gradle.internal.packaging.ParsedPackagingOptions$getAction$3::test (9 bytes)
Event: 52.776 Thread 0x0000000017e2a800 nmethod 12484 0x0000000004bec6d0 code [0x0000000004bec820, 0x0000000004bec918]
Event: 52.776 Thread 0x0000000017e2a800 12541       4       com.android.tools.r8.q.a.a.b.a::hasNext (17 bytes)
Event: 52.777 Thread 0x0000000017e2a800 nmethod 12541 0x0000000002f029d0 code [0x0000000002f02b00, 0x0000000002f02b78]
Event: 52.777 Thread 0x0000000017e2a800 12563       4       java.util.Collections$UnmodifiableList::get (11 bytes)
Event: 52.779 Thread 0x0000000017e2a800 nmethod 12563 0x0000000004bec310 code [0x0000000004bec460, 0x0000000004bec558]
Event: 52.779 Thread 0x0000000017e2a800 12579       4       java.util.stream.ReferencePipeline::forEachWithCancel (20 bytes)
Event: 52.782 Thread 0x0000000017e2a800 nmethod 12579 0x000000000324be90 code [0x000000000324bfe0, 0x000000000324c118]
Event: 52.782 Thread 0x0000000017e2a800 12565       4       kotlin.text.StringsKt__StringsJVMKt::endsWith (45 bytes)

GC Heap History (10 events):
Event: 13.248 GC heap before
{Heap before GC invocations=13 (full 3):
 PSYoungGen      total 211968K, used 17913K [0x00000000d5580000, 0x00000000e5e80000, 0x0000000100000000)
  eden space 194048K, 0% used [0x00000000d5580000,0x00000000d5580000,0x00000000e1300000)
  from space 17920K, 99% used [0x00000000e2780000,0x00000000e38fe4a0,0x00000000e3900000)
  to   space 20992K, 0% used [0x00000000e1300000,0x00000000e1300000,0x00000000e2780000)
 ParOldGen       total 143360K, used 26941K [0x0000000080000000, 0x0000000088c00000, 0x00000000d5580000)
  object space 143360K, 18% used [0x0000000080000000,0x0000000081a4f7e0,0x0000000088c00000)
 Metaspace       used 56377K, capacity 58878K, committed 59028K, reserved 1099776K
  class space    used 7676K, capacity 8174K, committed 8192K, reserved 1048576K
Event: 13.631 GC heap after
Heap after GC invocations=13 (full 3):
 PSYoungGen      total 211968K, used 0K [0x00000000d5580000, 0x00000000e5e80000, 0x0000000100000000)
  eden space 194048K, 0% used [0x00000000d5580000,0x00000000d5580000,0x00000000e1300000)
  from space 17920K, 0% used [0x00000000e2780000,0x00000000e2780000,0x00000000e3900000)
  to   space 20992K, 0% used [0x00000000e1300000,0x00000000e1300000,0x00000000e2780000)
 ParOldGen       total 217600K, used 34470K [0x0000000080000000, 0x000000008d480000, 0x00000000d5580000)
  object space 217600K, 15% used [0x0000000080000000,0x00000000821a9808,0x000000008d480000)
 Metaspace       used 56349K, capacity 58782K, committed 59028K, reserved 1099776K
  class space    used 7667K, capacity 8158K, committed 8192K, reserved 1048576K
}
Event: 18.273 GC heap before
{Heap before GC invocations=14 (full 3):
 PSYoungGen      total 211968K, used 194048K [0x00000000d5580000, 0x00000000e5e80000, 0x0000000100000000)
  eden space 194048K, 100% used [0x00000000d5580000,0x00000000e1300000,0x00000000e1300000)
  from space 17920K, 0% used [0x00000000e2780000,0x00000000e2780000,0x00000000e3900000)
  to   space 20992K, 0% used [0x00000000e1300000,0x00000000e1300000,0x00000000e2780000)
 ParOldGen       total 217600K, used 34470K [0x0000000080000000, 0x000000008d480000, 0x00000000d5580000)
  object space 217600K, 15% used [0x0000000080000000,0x00000000821a9808,0x000000008d480000)
 Metaspace       used 67086K, capacity 69958K, committed 70104K, reserved 1110016K
  class space    used 9301K, capacity 9875K, committed 9984K, reserved 1048576K
Event: 18.296 GC heap after
Heap after GC invocations=14 (full 3):
 PSYoungGen      total 215040K, used 16336K [0x00000000d5580000, 0x00000000e6000000, 0x0000000100000000)
  eden space 194048K, 0% used [0x00000000d5580000,0x00000000d5580000,0x00000000e1300000)
  from space 20992K, 77% used [0x00000000e1300000,0x00000000e22f4348,0x00000000e2780000)
  to   space 22016K, 0% used [0x00000000e4a80000,0x00000000e4a80000,0x00000000e6000000)
 ParOldGen       total 217600K, used 34478K [0x0000000080000000, 0x000000008d480000, 0x00000000d5580000)
  object space 217600K, 15% used [0x0000000080000000,0x00000000821ab808,0x000000008d480000)
 Metaspace       used 67086K, capacity 69958K, committed 70104K, reserved 1110016K
  class space    used 9301K, capacity 9875K, committed 9984K, reserved 1048576K
}
Event: 42.749 GC heap before
{Heap before GC invocations=15 (full 3):
 PSYoungGen      total 215040K, used 210384K [0x00000000d5580000, 0x00000000e6000000, 0x0000000100000000)
  eden space 194048K, 100% used [0x00000000d5580000,0x00000000e1300000,0x00000000e1300000)
  from space 20992K, 77% used [0x00000000e1300000,0x00000000e22f4348,0x00000000e2780000)
  to   space 22016K, 0% used [0x00000000e4a80000,0x00000000e4a80000,0x00000000e6000000)
 ParOldGen       total 217600K, used 34478K [0x0000000080000000, 0x000000008d480000, 0x00000000d5580000)
  object space 217600K, 15% used [0x0000000080000000,0x00000000821ab808,0x000000008d480000)
 Metaspace       used 79563K, capacity 83686K, committed 83928K, reserved 1122304K
  class space    used 10788K, capacity 11658K, committed 11776K, reserved 1048576K
Event: 42.782 GC heap after
Heap after GC invocations=15 (full 3):
 PSYoungGen      total 244736K, used 22008K [0x00000000d5580000, 0x00000000e6300000, 0x0000000100000000)
  eden space 222720K, 0% used [0x00000000d5580000,0x00000000d5580000,0x00000000e2f00000)
  from space 22016K, 99% used [0x00000000e4a80000,0x00000000e5ffe008,0x00000000e6000000)
  to   space 26624K, 0% used [0x00000000e2f00000,0x00000000e2f00000,0x00000000e4900000)
 ParOldGen       total 217600K, used 39803K [0x0000000080000000, 0x000000008d480000, 0x00000000d5580000)
  object space 217600K, 18% used [0x0000000080000000,0x00000000826ded78,0x000000008d480000)
 Metaspace       used 79563K, capacity 83686K, committed 83928K, reserved 1122304K
  class space    used 10788K, capacity 11658K, committed 11776K, reserved 1048576K
}
Event: 50.281 GC heap before
{Heap before GC invocations=16 (full 3):
 PSYoungGen      total 244736K, used 244728K [0x00000000d5580000, 0x00000000e6300000, 0x0000000100000000)
  eden space 222720K, 100% used [0x00000000d5580000,0x00000000e2f00000,0x00000000e2f00000)
  from space 22016K, 99% used [0x00000000e4a80000,0x00000000e5ffe008,0x00000000e6000000)
  to   space 26624K, 0% used [0x00000000e2f00000,0x00000000e2f00000,0x00000000e4900000)
 ParOldGen       total 217600K, used 39803K [0x0000000080000000, 0x000000008d480000, 0x00000000d5580000)
  object space 217600K, 18% used [0x0000000080000000,0x00000000826ded78,0x000000008d480000)
 Metaspace       used 83037K, capacity 87542K, committed 87640K, reserved 1124352K
  class space    used 11181K, capacity 12116K, committed 12160K, reserved 1048576K
Event: 50.337 GC heap after
Heap after GC invocations=16 (full 3):
 PSYoungGen      total 249344K, used 26597K [0x00000000d5580000, 0x00000000e8a00000, 0x0000000100000000)
  eden space 222720K, 0% used [0x00000000d5580000,0x00000000d5580000,0x00000000e2f00000)
  from space 26624K, 99% used [0x00000000e2f00000,0x00000000e48f97c8,0x00000000e4900000)
  to   space 31232K, 0% used [0x00000000e6b80000,0x00000000e6b80000,0x00000000e8a00000)
 ParOldGen       total 217600K, used 42405K [0x0000000080000000, 0x000000008d480000, 0x00000000d5580000)
  object space 217600K, 19% used [0x0000000080000000,0x00000000829697d0,0x000000008d480000)
 Metaspace       used 83037K, capacity 87542K, committed 87640K, reserved 1124352K
  class space    used 11181K, capacity 12116K, committed 12160K, reserved 1048576K
}
Event: 52.481 GC heap before
{Heap before GC invocations=17 (full 3):
 PSYoungGen      total 249344K, used 249317K [0x00000000d5580000, 0x00000000e8a00000, 0x0000000100000000)
  eden space 222720K, 100% used [0x00000000d5580000,0x00000000e2f00000,0x00000000e2f00000)
  from space 26624K, 99% used [0x00000000e2f00000,0x00000000e48f97c8,0x00000000e4900000)
  to   space 31232K, 0% used [0x00000000e6b80000,0x00000000e6b80000,0x00000000e8a00000)
 ParOldGen       total 217600K, used 42405K [0x0000000080000000, 0x000000008d480000, 0x00000000d5580000)
  object space 217600K, 19% used [0x0000000080000000,0x00000000829697d0,0x000000008d480000)
 Metaspace       used 89127K, capacity 94406K, committed 94552K, reserved 1130496K
  class space    used 12136K, capacity 13184K, committed 13184K, reserved 1048576K
Event: 52.576 GC heap after
Heap after GC invocations=17 (full 3):
 PSYoungGen      total 266752K, used 31204K [0x00000000d5580000, 0x00000000ebb00000, 0x0000000100000000)
  eden space 235520K, 0% used [0x00000000d5580000,0x00000000d5580000,0x00000000e3b80000)
  from space 31232K, 99% used [0x00000000e6b80000,0x00000000e89f91a0,0x00000000e8a00000)
  to   space 49152K, 0% used [0x00000000e3b80000,0x00000000e3b80000,0x00000000e6b80000)
 ParOldGen       total 217600K, used 78992K [0x0000000080000000, 0x000000008d480000, 0x00000000d5580000)
  object space 217600K, 36% used [0x0000000080000000,0x0000000084d24180,0x000000008d480000)
 Metaspace       used 89127K, capacity 94406K, committed 94552K, reserved 1130496K
  class space    used 12136K, capacity 13184K, committed 13184K, reserved 1048576K
}

Deoptimization events (10 events):
Event: 52.465 Thread 0x000000001d0fa000 Uncommon trap: reason=unstable_if action=reinterpret pc=0x0000000003144158 method=java.util.concurrent.ConcurrentHashMap.addCount(JI)V @ 168
Event: 52.465 Thread 0x000000001d0fa000 Uncommon trap: reason=unstable_if action=reinterpret pc=0x00000000032a4a50 method=java.util.concurrent.ConcurrentHashMap.transfer([Ljava/util/concurrent/ConcurrentHashMap$Node;[Ljava/util/concurrent/ConcurrentHashMap$Node;)V @ 34
Event: 52.465 Thread 0x000000001d0fa000 Uncommon trap: reason=unstable_if action=reinterpret pc=0x0000000003285dac method=java.util.concurrent.ConcurrentHashMap.transfer([Ljava/util/concurrent/ConcurrentHashMap$Node;[Ljava/util/concurrent/ConcurrentHashMap$Node;)V @ 277
Event: 52.465 Thread 0x0000000026b67800 Uncommon trap: reason=unstable_if action=reinterpret pc=0x0000000003f3de60 method=java.util.concurrent.ConcurrentHashMap.addCount(JI)V @ 168
Event: 52.631 Thread 0x000000001d102000 Uncommon trap: reason=unstable_if action=reinterpret pc=0x0000000004228db8 method=java.util.HashMap.computeIfAbsent(Ljava/lang/Object;Ljava/util/function/Function;)Ljava/lang/Object; @ 145
Event: 52.643 Thread 0x0000000026b67800 Uncommon trap: reason=class_check action=maybe_recompile pc=0x0000000005065998 method=java.util.function.Predicate.lambda$and$0(Ljava/util/function/Predicate;Ljava/lang/Object;)Z @ 12
Event: 52.643 Thread 0x0000000026b67800 Uncommon trap: reason=class_check action=maybe_recompile pc=0x0000000005065998 method=java.util.function.Predicate.lambda$and$0(Ljava/util/function/Predicate;Ljava/lang/Object;)Z @ 12
Event: 52.643 Thread 0x0000000026b67800 Uncommon trap: reason=class_check action=maybe_recompile pc=0x0000000005065998 method=java.util.function.Predicate.lambda$and$0(Ljava/util/function/Predicate;Ljava/lang/Object;)Z @ 12
Event: 52.644 Thread 0x0000000026b67800 Uncommon trap: reason=class_check action=maybe_recompile pc=0x0000000005065998 method=java.util.function.Predicate.lambda$and$0(Ljava/util/function/Predicate;Ljava/lang/Object;)Z @ 12
Event: 52.722 Thread 0x000000001d0fb000 Uncommon trap: reason=unstable_if action=reinterpret pc=0x000000000501c210 method=com.android.tools.r8.graph.d0.computeEquals(Ljava/lang/Object;)Z @ 23

Classes redefined (0 events):
No events

Internal exceptions (10 events):
Event: 51.152 Thread 0x000000001d102000 Exception <a 'sun/nio/fs/WindowsException'> (0x00000000d98aaa78) thrown at [C:\src\AOSP-openjdk-git\hotspot\src\share\vm\prims\jni.cpp, line 710]
Event: 51.158 Thread 0x00000000219b0000 Exception <a 'sun/nio/fs/WindowsException'> (0x00000000d9b2ea98) thrown at [C:\src\AOSP-openjdk-git\hotspot\src\share\vm\prims\jni.cpp, line 710]
Event: 51.239 Thread 0x000000001d0fb000 Exception <a 'sun/nio/fs/WindowsException'> (0x00000000da7f8258) thrown at [C:\src\AOSP-openjdk-git\hotspot\src\share\vm\prims\jni.cpp, line 710]
Event: 51.355 Thread 0x000000001d0fa000 Exception <a 'java/lang/IncompatibleClassChangeError': Found class java.lang.Object, but interface was expected> (0x00000000dad4e110) thrown at [C:\src\AOSP-openjdk-git\hotspot\src\share\vm\interpreter\linkResolver.cpp, line 653]
Event: 52.207 Thread 0x000000001b866000 Exception <a 'java/lang/NoSuchMethodError': java.lang.Object.b(Lcom/android/tools/r8/graph/n1$b;)Lcom/android/tools/r8/graph/n1$b;> (0x00000000de21e420) thrown at [C:\src\AOSP-openjdk-git\hotspot\src\share\vm\interpreter\linkResolver.cpp, line 620]
Event: 52.269 Thread 0x000000001d0fa000 Exception <a 'java/lang/NoSuchMethodError': java.lang.Object.lambda$comparingInt$7b0bb60$1(Ljava/util/function/ToIntFunction;Ljava/lang/Object;Ljava/lang/Object;)I> (0x00000000e103b7c0) thrown at [C:\src\AOSP-openjdk-git\hotspot\src\share\vm\interpreter\l
Event: 52.269 Thread 0x00000000219b0000 Exception <a 'java/lang/NoSuchMethodError': java.lang.Object.lambda$comparingInt$7b0bb60$1(Ljava/util/function/ToIntFunction;Ljava/lang/Object;Ljava/lang/Object;)I> (0x00000000e13c7480) thrown at [C:\src\AOSP-openjdk-git\hotspot\src\share\vm\interpreter\l
Event: 52.269 Thread 0x000000001aee9000 Exception <a 'java/lang/NoSuchMethodError': java.lang.Object.lambda$comparingInt$7b0bb60$1(Ljava/util/function/ToIntFunction;Ljava/lang/Object;Ljava/lang/Object;)I> (0x00000000e12861f0) thrown at [C:\src\AOSP-openjdk-git\hotspot\src\share\vm\interpreter\l
Event: 52.269 Thread 0x000000001d0fa000 Exception <a 'java/lang/NoSuchMethodError': java.lang.Object.lambda$maxBy$1(Ljava/util/Comparator;Ljava/lang/Object;Ljava/lang/Object;)Ljava/lang/Object;> (0x00000000e1040110) thrown at [C:\src\AOSP-openjdk-git\hotspot\src\share\vm\interpreter\linkResolve
Event: 52.270 Thread 0x000000001b866000 Exception <a 'java/lang/NoSuchMethodError': java.lang.Object.lambda$maxBy$1(Ljava/util/Comparator;Ljava/lang/Object;Ljava/lang/Object;)Ljava/lang/Object;> (0x00000000e12f3760) thrown at [C:\src\AOSP-openjdk-git\hotspot\src\share\vm\interpreter\linkResolve

Events (10 events):
Event: 52.781 loading class com/android/tools/r8/q/a/b/l/g/m
Event: 52.781 loading class com/android/tools/r8/q/a/b/l/g/m done
Event: 52.781 loading class com/android/tools/r8/q/a/b/l/g/n
Event: 52.781 loading class com/android/tools/r8/q/a/b/l/g/n done
Event: 52.782 loading class com/android/tools/r8/q/a/b/l/g/o
Event: 52.782 loading class com/android/tools/r8/q/a/b/l/g/o done
Event: 52.785 loading class com/android/tools/r8/q/a/b/j
Event: 52.785 loading class com/android/tools/r8/q/a/b/j done
Event: 52.785 loading class com/android/tools/r8/q/a/b/m/b
Event: 52.785 loading class com/android/tools/r8/q/a/b/m/b done


Dynamic libraries:
0x00007ff67b440000 - 0x00007ff67b471000 	C:\Program Files\Android\Android Studio\jre\bin\java.exe
0x00007ffc32ca0000 - 0x00007ffc32e90000 	C:\Windows\SYSTEM32\ntdll.dll
0x00007ffc32910000 - 0x00007ffc329c2000 	C:\Windows\System32\KERNEL32.DLL
0x00007ffc30a00000 - 0x00007ffc30ca5000 	C:\Windows\System32\KERNELBASE.dll
0x00007ffc32aa0000 - 0x00007ffc32b43000 	C:\Windows\System32\ADVAPI32.dll
0x00007ffc31e30000 - 0x00007ffc31ece000 	C:\Windows\System32\msvcrt.dll
0x00007ffc32870000 - 0x00007ffc32907000 	C:\Windows\System32\sechost.dll
0x00007ffc32230000 - 0x00007ffc32350000 	C:\Windows\System32\RPCRT4.dll
0x00007ffc323f0000 - 0x00007ffc32584000 	C:\Windows\System32\USER32.dll
0x00007ffc30150000 - 0x00007ffc30171000 	C:\Windows\System32\win32u.dll
0x00007ffc32bd0000 - 0x00007ffc32bf6000 	C:\Windows\System32\GDI32.dll
0x00007ffc2fc30000 - 0x00007ffc2fdc6000 	C:\Windows\System32\gdi32full.dll
0x00007ffc301e0000 - 0x00007ffc3027e000 	C:\Windows\System32\msvcp_win.dll
0x00007ffc2fdd0000 - 0x00007ffc2feca000 	C:\Windows\System32\ucrtbase.dll
0x00007ffc17d70000 - 0x00007ffc17ff4000 	C:\Windows\WinSxS\amd64_microsoft.windows.common-controls_6595b64144ccf1df_6.0.18362.1139_none_9e7bf2d3e4605ac6\COMCTL32.dll
0x00007ffc312a0000 - 0x00007ffc315d5000 	C:\Windows\System32\combase.dll
0x00007ffc30020000 - 0x00007ffc300a0000 	C:\Windows\System32\bcryptPrimitives.dll
0x00007ffc323b0000 - 0x00007ffc323de000 	C:\Windows\System32\IMM32.DLL
0x00007ffbf5a00000 - 0x00007ffbf6105000 	C:\Program Files\McAfee\DLP\Agent\fcagpph64.dll
0x00007ffc315e0000 - 0x00007ffc31cc7000 	C:\Windows\System32\SHELL32.dll
0x00007ffc30ce0000 - 0x00007ffc30d2a000 	C:\Windows\System32\cfgmgr32.dll
0x00007ffc32180000 - 0x00007ffc32229000 	C:\Windows\System32\shcore.dll
0x00007ffc30280000 - 0x00007ffc30a00000 	C:\Windows\System32\windows.storage.dll
0x00007ffc2fc00000 - 0x00007ffc2fc23000 	C:\Windows\System32\profapi.dll
0x00007ffc2fbb0000 - 0x00007ffc2fbfa000 	C:\Windows\System32\powrprof.dll
0x00007ffc2fb60000 - 0x00007ffc2fb70000 	C:\Windows\System32\UMPDC.dll
0x00007ffc32010000 - 0x00007ffc32062000 	C:\Windows\System32\shlwapi.dll
0x00007ffc2fb90000 - 0x00007ffc2fba1000 	C:\Windows\System32\kernel.appcore.dll
0x00007ffc30d30000 - 0x00007ffc30d47000 	C:\Windows\System32\cryptsp.dll
0x00007ffc31cd0000 - 0x00007ffc31e27000 	C:\Windows\System32\ole32.dll
0x00007ffc30d50000 - 0x00007ffc30e15000 	C:\Windows\System32\OLEAUT32.dll
0x00007ffc1ae80000 - 0x00007ffc1af09000 	C:\Windows\SYSTEM32\WINSPOOL.DRV
0x00007ffc30cb0000 - 0x00007ffc30cd6000 	C:\Windows\System32\bcrypt.dll
0x00007ffc2eca0000 - 0x00007ffc2ecaa000 	C:\Windows\SYSTEM32\VERSION.dll
0x00007ffc2bb70000 - 0x00007ffc2bc60000 	C:\Windows\SYSTEM32\PROPSYS.dll
0x00007ffc2f060000 - 0x00007ffc2f09a000 	C:\Windows\SYSTEM32\IPHLPAPI.DLL
0x00007ffc2fa40000 - 0x00007ffc2fa77000 	C:\Windows\SYSTEM32\SspiCli.dll
0x00007ffc2e9d0000 - 0x00007ffc2ea01000 	C:\Windows\SYSTEM32\ntmarta.dll
0x00007ffbffab0000 - 0x00007ffbffb63000 	C:\Program Files\McAfee\Endpoint Security\Threat Prevention\Ips\EpMPApi.dll
0x00007ffc30180000 - 0x00007ffc301dc000 	C:\Windows\System32\WINTRUST.dll
0x00007ffc2fb70000 - 0x00007ffc2fb82000 	C:\Windows\System32\MSASN1.dll
0x00007ffc2fed0000 - 0x00007ffc30019000 	C:\Windows\System32\CRYPT32.dll
0x00000000618f0000 - 0x00000000618fc000 	C:\Program Files\McAfee\Endpoint Security\Threat Prevention\Ips\EpMPThe.dll
0x00007ffc08180000 - 0x00007ffc0819b000 	C:\Program Files\McAfee\Endpoint Security\Threat Prevention\Ips\HIPHandlers64.dll
0x00000000632f0000 - 0x00000000633c2000 	C:\Program Files\Android\Android Studio\jre\jre\bin\msvcr100.dll
0x0000000060840000 - 0x000000006108b000 	C:\Program Files\Android\Android Studio\jre\jre\bin\server\jvm.dll
0x0000000000cc0000 - 0x0000000000cc8000 	C:\Windows\System32\PSAPI.DLL
0x00007ffc17be0000 - 0x00007ffc17be9000 	C:\Windows\SYSTEM32\WSOCK32.dll
0x00007ffc32110000 - 0x00007ffc3217f000 	C:\Windows\System32\WS2_32.dll
0x00007ffc2c1f0000 - 0x00007ffc2c214000 	C:\Windows\SYSTEM32\WINMM.dll
0x00007ffc2c1c0000 - 0x00007ffc2c1ed000 	C:\Windows\SYSTEM32\WINMMBASE.dll
0x00007ffc1db60000 - 0x00007ffc1db6f000 	C:\Program Files\Android\Android Studio\jre\jre\bin\verify.dll
0x00007ffc15d50000 - 0x00007ffc15d79000 	C:\Program Files\Android\Android Studio\jre\jre\bin\java.dll
0x00007ffc1db40000 - 0x00007ffc1db56000 	C:\Program Files\Android\Android Studio\jre\jre\bin\zip.dll
0x00007ffc0a260000 - 0x00007ffc0a27a000 	C:\Program Files\Android\Android Studio\jre\jre\bin\net.dll
0x00007ffc2f350000 - 0x00007ffc2f3b7000 	C:\Windows\system32\mswsock.dll
0x00007ffc09930000 - 0x00007ffc09943000 	C:\Program Files\Android\Android Studio\jre\jre\bin\nio.dll
0x00007ffc1daf0000 - 0x00007ffc1db17000 	D:\Users\stapade\.gradle\native\f6784746aeab05261644944871eae4fe03e0ef1612fff0a4a95f87b438bc6780\windows-amd64\native-platform.dll
0x00007ffc1dc10000 - 0x00007ffc1dc1d000 	C:\Program Files\Android\Android Studio\jre\jre\bin\management.dll
0x00007ffc2eec0000 - 0x00007ffc2eef3000 	C:\Windows\system32\rsaenh.dll
0x00007ffc2fa80000 - 0x00007ffc2faa5000 	C:\Windows\SYSTEM32\USERENV.dll
0x00007ffc2f520000 - 0x00007ffc2f52c000 	C:\Windows\SYSTEM32\CRYPTBASE.dll
0x00007ffc32740000 - 0x00007ffc32748000 	C:\Windows\System32\NSI.dll
0x00007ffc272b0000 - 0x00007ffc272c6000 	C:\Windows\SYSTEM32\dhcpcsvc6.DLL
0x00007ffc26ee0000 - 0x00007ffc26efc000 	C:\Windows\SYSTEM32\dhcpcsvc.DLL
0x00007ffc2f0a0000 - 0x00007ffc2f16b000 	C:\Windows\SYSTEM32\DNSAPI.dll
0x00007ffc27ec0000 - 0x00007ffc27ecb000 	C:\Windows\SYSTEM32\WINNSI.DLL

VM Arguments:
jvm_args: -Xmx2048m -Dfile.encoding=UTF-8 -Duser.country=US -Duser.language=en -Duser.variant 
java_command: org.gradle.launcher.daemon.bootstrap.GradleDaemon 6.5
java_class_path (initial): D:\Users\stapade\.gradle\wrapper\dists\gradle-6.5-bin\6nifqtx7604sqp1q6g8wikw7p\gradle-6.5\lib\gradle-launcher-6.5.jar
Launcher Type: SUN_STANDARD

Environment Variables:
JAVA_HOME=C:\Program Files\Java
PATH=C:\Windows\system32;C:\Windows;C:\Windows\System32\Wbem;C:\Windows\System32\WindowsPowerShell\v1.0\;C:\Windows\System32\OpenSSH\;C:\Program Files\Intel\WiFi\bin\;C:\Program Files\Common Files\Intel\WirelessCommon\;C:\Program Files\PuTTY\;C:\Program Files\Java\bin;C:\Program Files\nodejs\;D:\Users\stapade\AppData\Local\Microsoft\WindowsApps;D:\Users\stapade\AppData\Roaming\npm;D:\Users\stapade\AppData\Local\Programs\Git\cmd
USERNAME=stapade
OS=Windows_NT
PROCESSOR_IDENTIFIER=Intel64 Family 6 Model 142 Stepping 11, GenuineIntel



---------------  S Y S T E M  ---------------

OS: Windows 10.0 , 64 bit Build 18362 (10.0.18362.1110)

CPU:total 8 (initial active 8) (4 cores per cpu, 2 threads per core) family 6 model 142 stepping 11, cmov, cx8, fxsr, mmx, sse, sse2, sse3, ssse3, sse4.1, sse4.2, popcnt, avx, avx2, aes, clmul, erms, 3dnowpref, lzcnt, ht, tsc, tscinvbit, bmi1, bmi2, adx

Memory: 4k page, physical 16551892k(1608476k free), swap 16551892k(5132k free)

vm_info: OpenJDK 64-Bit Server VM (25.242-b01) for windows-amd64 JRE (1.8.0_242-release-1644-b01), built by "builder" with MS VC++ 10.0 (VS2010)

time: Tue Dec 01 23:40:12 2020
timezone: India Standard Time
elapsed time: 52 seconds (0d 0h 0m 52s)

